34564:C 16 Dec 2025 14:37:41.472 # oO0OoO0OoO0Oo Redis is starting oO0OoO0OoO0Oo
34564:C 16 Dec 2025 14:37:41.472 # Redis version=6.0.16, bits=64, commit=00000000, modified=0, pid=34564, just started
34564:C 16 Dec 2025 14:37:41.472 # Configuration loaded
34564:S 16 Dec 2025 14:37:41.472 * Increased maximum number of open files to 10032 (it was originally set to 1024).
34564:S 16 Dec 2025 14:37:41.473 * Running mode=standalone, port=6381.
34564:S 16 Dec 2025 14:37:41.473 # Server initialized
34564:S 16 Dec 2025 14:37:41.473 # WARNING overcommit_memory is set to 0! Background save may fail under low memory condition. To fix this issue add 'vm.overcommit_memory = 1' to /etc/sysctl.conf and then reboot or run the command 'sysctl vm.overcommit_memory=1' for this to take effect.
34564:S 16 Dec 2025 14:37:41.473 # WARNING you have Transparent Huge Pages (THP) support enabled in your kernel. This will create latency and memory usage issues with Redis. To fix this issue run the command 'echo madvise > /sys/kernel/mm/transparent_hugepage/enabled' as root, and add it to your /etc/rc.local in order to retain the setting after a reboot. Redis must be restarted after THP is disabled (set to 'madvise' or 'never').
34564:S 16 Dec 2025 14:37:41.475 * Loading RDB produced by version 6.0.16
34564:S 16 Dec 2025 14:37:41.475 * RDB age 26 seconds
34564:S 16 Dec 2025 14:37:41.475 * RDB memory usage when created 1.83 Mb
34564:S 16 Dec 2025 14:37:41.475 * DB loaded from disk: 0.000 seconds
34564:S 16 Dec 2025 14:37:41.475 * Before turning into a replica, using my own master parameters to synthesize a cached master: I may be able to synchronize with the new master with just a partial transfer.
34564:S 16 Dec 2025 14:37:41.475 * Ready to accept connections
34564:S 16 Dec 2025 14:37:41.475 * Connecting to MASTER 127.0.0.1:6379
34564:S 16 Dec 2025 14:37:41.475 * MASTER <-> REPLICA sync started
34564:S 16 Dec 2025 14:37:41.475 * Non blocking connect for SYNC fired the event.
34564:S 16 Dec 2025 14:37:41.475 * Master replied to PING, replication can continue...
34564:S 16 Dec 2025 14:37:41.475 * Trying a partial resynchronization (request ebb5b5afd6eb0d6548b87212429d20f1659bce11:1).
34564:S 16 Dec 2025 14:37:41.475 * Successful partial resynchronization with master.
34564:S 16 Dec 2025 14:37:41.475 * MASTER <-> REPLICA sync: Master accepted a Partial Resynchronization.
